<?xml version="1.0" encoding="UTF-8"?>
<testng-results skipped="0" failed="0" total="1" passed="1">
  <reporter-output>
    <line>
      <![CDATA[Test testValidLogin is PASSED]]>
    </line>
  </reporter-output>
  <suite name="Suite" duration-ms="111029" started-at="2019-05-20T05:41:25Z" finished-at="2019-05-20T05:43:16Z">
    <groups>
    </groups>
    <test name="Test" duration-ms="111029" started-at="2019-05-20T05:41:25Z" finished-at="2019-05-20T05:43:16Z">
      <class name="script.ValidLogin">
        <test-method status="PASS" signature="OpenBrowser()[pri:0, instance:script.ValidLogin@4520ebad]" name="OpenBrowser" is-config="true" duration-ms="78452" started-at="2019-05-20T11:11:25Z" finished-at="2019-05-20T11:12:43Z">
          <reporter-output>
          </reporter-output>
        </test-method> <!-- OpenBrowser -->
        <test-method status="PASS" signature="testValidLogin()[pri:0, instance:script.ValidLogin@4520ebad]" name="testValidLogin" duration-ms="29814" started-at="2019-05-20T11:12:43Z" finished-at="2019-05-20T11:13:13Z">
          <reporter-output>
          </reporter-output>
        </test-method> <!-- testValidLogin -->
        <test-method status="PASS" signature="closeBrowser(org.testng.ITestResult)[pri:0, instance:script.ValidLogin@4520ebad]" name="closeBrowser" is-config="true" duration-ms="2720" started-at="2019-05-20T11:13:13Z" finished-at="2019-05-20T11:13:16Z">
          <params>
            <param index="0">
              <value>
                <![CDATA[[TestResult name=testValidLogin status=SUCCESS method=ValidLogin.testValidLogin()[pri:0, instance:script.ValidLogin@4520ebad] output={null}]]]>
              </value>
            </param>
          </params>
          <reporter-output>
            <line>
              <![CDATA[Test testValidLogin is PASSED]]>
            </line>
          </reporter-output>
        </test-method> <!-- closeBrowser -->
      </class> <!-- script.ValidLogin -->
    </test> <!-- Test -->
  </suite> <!-- Suite -->
</testng-results>
